App Runs on 8081
[0mPOST /api/v1/users_fast [32m200[0m 164.177 ms - 209[0m
[0mGET /api/v1/users/TEjjBBoYi [32m200[0m 18.058 ms - 122[0m
[0mPOST /api/v1/banner_list [32m200[0m 13.893 ms - 14[0m
[0mPOST /api/v1/house_list/TEjjBBoYi [32m200[0m 9.785 ms - 13[0m
[0mPOST /api/v1/category_list [32m200[0m 3.253 ms - 17[0m
[0mGET / [32m200[0m 1.354 ms - -[0m
[0mGET / [32m200[0m 0.132 ms - -[0m
[0mGET / [32m200[0m 0.072 ms - -[0m
[0mGET / [32m200[0m 0.066 ms - -[0m
[0mGET /api/v1/users/TEjjBBoYi [32m200[0m 22.873 ms - 122[0m
[0mPOST /api/v1/category_list [32m200[0m 1.793 ms - 17[0m
[0mPOST /api/v1/banner_list [32m200[0m 6.467 ms - 14[0m
[0mPOST /api/v1/house_list/TEjjBBoYi [32m200[0m 9.066 ms - 13[0m
[0mGET / [32m200[0m 0.098 ms - -[0m
[0mGET / [32m200[0m 0.071 ms - -[0m
[0mGET / [32m200[0m 0.067 ms - -[0m
[0mGET /jars [33m404[0m 10.369 ms - 143[0m
[0mPOST /service/extdirect [33m404[0m 0.353 ms - 157[0m
[0mGET /manager/html [33m404[0m 1.483 ms - 151[0m
[0mGET / [32m200[0m 0.094 ms - -[0m
[0mGET /w00tw00t.at.ISC.SANS.DFind:) [33m404[0m 0.591 ms - 167[0m
[0mGET / [32m200[0m 0.066 ms - -[0m
[0mGET / [32m200[0m 0.096 ms - -[0m
[0mGET / [32m200[0m 0.062 ms - -[0m
[0mGET /jars [33m404[0m 0.952 ms - 143[0m
[0mGET / [32m200[0m 0.068 ms - -[0m
[0mPOST /service/extdirect [33m404[0m 0.166 ms - 157[0m
[0mGET / [32m200[0m 0.060 ms - -[0m
[0mGET /manager/html [33m404[0m 9.198 ms - 151[0m
[0mGET / [32m200[0m 0.105 ms - -[0m
[0mGET /jars [33m404[0m 0.529 ms - 143[0m
[0mGET / [32m200[0m 0.056 ms - -[0m
[0mPOST /service/extdirect [33m404[0m 0.333 ms - 157[0m
[0mGET /api/v1/users/TEjjBBoYi [32m200[0m 2.522 ms - 122[0m
[0mPOST /api/v1/banner_list [32m200[0m 3.601 ms - 14[0m
[0mPOST /api/v1/house_list/TEjjBBoYi [32m200[0m 1.887 ms - 13[0m
[0mPOST /api/v1/category_list [32m200[0m 1.239 ms - 17[0m
App Runs on 8081
[0mGET / [32m200[0m 1.192 ms - -[0m
[0mPOST /api/v1/category_add [32m200[0m 43.300 ms - 33[0m
[0mPOST /api/v1/category_add [32m200[0m 2.348 ms - 33[0m
[0mGET /api/v1/users/+996999780094 [32m200[0m 16.946 ms - 127[0m
[0mPOST /api/v1/category_list [32m200[0m 3.065 ms - 272[0m
[0mPOST /api/v1/banner_list [32m200[0m 6.352 ms - 14[0m
[0mPOST /api/v1/house_list/+996999780094 [32m200[0m 4.100 ms - 13[0m
[0mGET /images/categories/60d18679acddaddad69a98b8.png [33m404[0m 3.377 ms - 185[0m
[0mGET /images/categories/60d1868cacddaddad69a98b9.png [33m404[0m 0.694 ms - 185[0m
[0mPOST /api/v1/category_list [32m200[0m 1.752 ms - 272[0m
[0mGET /images/categories/60d18679acddaddad69a98b8.png [33m404[0m 0.473 ms - 185[0m
[0mGET /images/categories/60d1868cacddaddad69a98b9.png [33m404[0m 0.537 ms - 185[0m
[0mPOST /api/v1/house_add/+996999780094 [32m200[0m 12.209 ms - 30[0m
[0mPOST /api/v1/house_list/+996999780094 [32m200[0m 5.265 ms - 164[0m
[0mGET /images/houses/60d18720acddaddad69a98ba_1.png [32m200[0m 2.598 ms - 50255[0m
[0mPOST /api/v1/house_get/+996999780094 [32m200[0m 13.435 ms - 689[0m
[0mPOST /api/v1/house_get/+996999780094 [32m200[0m 4.685 ms - 689[0m
[0mPOST /api/v1/house_list_category/+996999780094 [32m200[0m 4.065 ms - 164[0m
[0mPOST /api/v1/house_list/+996999780094 [32m200[0m 2.905 ms - 13[0m
[0mPOST /api/v1/house_list_category/+996999780094 [32m200[0m 3.884 ms - 164[0m
[0mPOST /api/v1/house_list/+996999780094 [32m200[0m 3.798 ms - 13[0m
[0mPOST /api/v1/house_list_category/+996999780094 [32m200[0m 3.594 ms - 164[0m
[0mPOST /api/v1/house_list/+996999780094 [32m200[0m 2.917 ms - 13[0m
[0mPOST http://freeze.na4u.ru/ip.php?Z74771048770Q1 [33m404[0m 0.236 ms - 146[0m
[0mPOST http://fingerprints.bablosoft.com/ip?Z74771048770Q1 [33m404[0m 0.201 ms - 142[0m
[0mPOST /service/extdirect [33m404[0m 0.160 ms - 157[0m
[0mGET /jars [33m404[0m 2.040 ms - 143[0m
[0mGET / [32m200[0m 0.118 ms - -[0m
[0mPOST http://host64.ru/rb/getip.php?Z74771048770Q1 [33m404[0m 0.209 ms - 152[0m
[0mGET / [32m200[0m 0.070 ms - -[0m
[0mGET / [32m200[0m 0.068 ms - -[0m
[0mGET / [32m200[0m 0.071 ms - -[0m
[0mPOST http://fingerprints.bablosoft.com/ip?Z74771048770Q1 [33m404[0m 0.193 ms - 142[0m
[0mPOST http://ip.bablosoft.com/?Z74771048770Q1 [33m404[0m 0.261 ms - 140[0m
[0mGET / [32m200[0m 0.061 ms - -[0m
[0mGET /login [33m404[0m 2.323 ms - 144[0m
[0mGET /jenkins/login [33m404[0m 0.468 ms - 152[0m
[0mGET / [32m200[0m 0.065 ms - -[0m
[0mGET /manager/html [33m404[0m 0.399 ms - 151[0m
[0mHEAD http://110.242.68.4/ [32m200[0m 0.086 ms - -[0m
[0mGET http://www.wujieliulan.com/ [32m200[0m 0.076 ms - -[0m
[0mGET http://www.rfa.org/english/ [0m-[0m - ms - -[0m
[0mGET http://dongtaiwang.com/ [32m200[0m 0.067 ms - -[0m
[0mGET http://www.epochtimes.com/ [32m200[0m 0.061 ms - -[0m
[0mGET http://www.soso.com/ [32m200[0m 0.065 ms - -[0m
[0mGET http://www.minghui.org/ [32m200[0m 0.063 ms - -[0m
[0mPOST http://check.best-proxies.ru/ip.php?Z74771048770Q1 [33m404[0m 0.185 ms - 146[0m
[0mGET / [32m200[0m 0.089 ms - -[0m
[0mPOST http://proxy.kagda.ru/myip2.php?Z74771048770Q1 [33m404[0m 0.308 ms - 149[0m
[0mGET /jars [33m404[0m 1.102 ms - 143[0m
[0mGET / [32m200[0m 0.046 ms - -[0m
[0mPOST /service/extdirect [33m404[0m 0.170 ms - 157[0m
[0mGET / [32m200[0m 0.071 ms - -[0m
[0mPOST http://check.best-proxies.ru/ip.php?Z74771048770Q1 [33m404[0m 0.254 ms - 146[0m
[0mGET / [32m200[0m 0.060 ms - -[0m
[0mGET /jars [33m404[0m 0.991 ms - 143[0m
[0mPOST /service/extdirect [33m404[0m 0.242 ms - 157[0m
[0mPOST http://host64.ru/rb/getip.php?Z74771048770Q1 [33m404[0m 0.172 ms - 152[0m
[0mGET / [32m200[0m 0.089 ms - -[0m
[0mGET / [32m200[0m 0.064 ms - -[0m
[0mPOST http://proxy.kagda.ru/myip2.php?Z74771048770Q1 [33m404[0m 0.235 ms - 149[0m
[0mPOST http://proxy.kagda.ru/myip2.php?Z74771048770Q1 [33m404[0m 0.220 ms - 149[0m
[0mGET / [32m200[0m 0.095 ms - -[0m
[0mPOST http://proxy.kagda.ru/myip2.php?Z74771048770Q1 [33m404[0m 0.179 ms - 149[0m
[0mPOST http://fingerprints.bablosoft.com/ip?Z74771048770Q1 [33m404[0m 0.185 ms - 142[0m
[0mGET / [32m200[0m 0.043 ms - -[0m
[0mGET /jars [33m404[0m 1.472 ms - 143[0m
[0mPOST /service/extdirect [33m404[0m 0.139 ms - 157[0m
[0mGET / [32m200[0m 0.064 ms - -[0m
[0mGET /w00tw00t.at.ISC.SANS.DFind:) [33m404[0m 1.054 ms - 167[0m
[0mPOST http://fingerprints.bablosoft.com/ip?Z74771048770Q1 [33m404[0m 0.192 ms - 142[0m
[0mGET / [32m200[0m 0.060 ms - -[0m
[0mGET / [32m200[0m 0.068 ms - -[0m
[0mGET / [32m200[0m 0.060 ms - -[0m
[0mPOST http://freeze.na4u.ru/ip.php?Z74771048770Q1 [33m404[0m 0.212 ms - 146[0m
[0mGET / [32m200[0m 0.065 ms - -[0m
[0mGET /jars [33m404[0m 1.163 ms - 143[0m
[0mPOST /service/extdirect [33m404[0m 0.137 ms - 157[0m
[0mGET / [32m200[0m 0.062 ms - -[0m
[0mGET / [32m200[0m 0.076 ms - -[0m
[0mPOST http://proxy.kagda.ru/myip2.php?Z74771048770Q1 [33m404[0m 0.208 ms - 149[0m
[0mGET / [32m200[0m 0.096 ms - -[0m
[0mGET / [32m200[0m 0.066 ms - -[0m
[0mGET / [32m200[0m 0.062 ms - -[0m
[0mGET / [32m200[0m 0.068 ms - -[0m
[0mGET / [32m200[0m 0.078 ms - -[0m
[0mGET / [32m200[0m 0.060 ms - -[0m
[0mGET /jars [33m404[0m 10.254 ms - 143[0m
[0mPOST /service/extdirect [33m404[0m 0.151 ms - 157[0m
[0mGET / [32m200[0m 0.069 ms - -[0m
[0mGET / [32m200[0m 0.085 ms - -[0m
[0mGET / [32m200[0m 0.047 ms - -[0m
[0mGET /jars [33m404[0m 2.274 ms - 143[0m
[0mPOST /service/extdirect [33m404[0m 0.147 ms - 157[0m
[0mGET / [32m200[0m 0.066 ms - -[0m
[0mPOST http://host64.ru/rb/getip.php?Z74771048770Q1 [33m404[0m 1.676 ms - 152[0m
[0mPOST http://freeze.na4u.ru/ip.php?Z74771048770Q1 [33m404[0m 0.271 ms - 146[0m
[0mGET / [32m200[0m 0.089 ms - -[0m
[0mGET / [32m200[0m 0.067 ms - -[0m
[0mGET /favicon.ico [33m404[0m 1.458 ms - 150[0m
[0mPOST http://api.ipify.org/?Z74771048770Q1 [33m404[0m 0.210 ms - 140[0m
[0mPOST http://fingerprints.bablosoft.com/ip?Z74771048770Q1 [33m404[0m 0.187 ms - 142[0m
[0mGET / [32m200[0m 0.064 ms - -[0m
[0mGET / [32m200[0m 0.084 ms - -[0m
[0mGET /jars [33m404[0m 0.480 ms - 143[0m
[0mPOST /service/extdirect [33m404[0m 0.175 ms - 157[0m
[0mPOST http://freeze.na4u.ru/ip.php?Z74771048770Q1 [33m404[0m 0.172 ms - 146[0m
[0mGET /config [33m404[0m 0.396 ms - 145[0m
[0mPOST http://fingerprints.bablosoft.com/ip?Z74771048770Q1 [33m404[0m 0.171 ms - 142[0m
[0mGET / [32m200[0m 0.060 ms - -[0m
[0mGET / [32m200[0m 0.072 ms - -[0m
[0mGET /jars [33m404[0m 9.705 ms - 143[0m
[0mPOST /service/extdirect [33m404[0m 0.183 ms - 157[0m
[0mGET /api/v1/users/+996999780094 [32m200[0m 15.171 ms - 127[0m
[0mPOST /api/v1/house_list/+996999780094 [32m200[0m 6.804 ms - 164[0m
[0mPOST /api/v1/banner_list [32m200[0m 2.763 ms - 14[0m
[0mPOST /api/v1/category_list [32m200[0m 2.821 ms - 272[0m
[0mGET /images/categories/60d1868cacddaddad69a98b9.png [33m404[0m 1.280 ms - 185[0m
[0mGET /images/categories/60d18679acddaddad69a98b8.png [33m404[0m 0.941 ms - 185[0m
[0mGET /images/houses/60d18720acddaddad69a98ba_1.png [36m304[0m 2.206 ms - -[0m
[0mPOST http://check.best-proxies.ru/ip.php?Z74771048770Q1 [33m404[0m 0.213 ms - 146[0m
[0mGET / [32m200[0m 0.073 ms - -[0m
[0mGET / [32m200[0m 0.063 ms - -[0m
[0mGET /login [33m404[0m 0.420 ms - 144[0m
[0mPOST http://api.ipify.org/?Z74771048770Q1 [33m404[0m 0.164 ms - 140[0m
[0mPOST http://fingerprints.bablosoft.com/ip?Z74771048770Q1 [33m404[0m 2.874 ms - 142[0m
[0mGET /jars [33m404[0m 0.641 ms - 143[0m
[0mGET / [32m200[0m 0.053 ms - -[0m
[0mPOST /service/extdirect [33m404[0m 0.153 ms - 157[0m
[0mPOST http://fingerprints.bablosoft.com/ip?Z74771048770Q1 [33m404[0m 0.162 ms - 142[0m
[0mGET / [32m200[0m 0.073 ms - -[0m
[0mGET / [32m200[0m 0.055 ms - -[0m
[0mGET / [32m200[0m 0.047 ms - -[0m
[0mGET /jars [33m404[0m 1.140 ms - 143[0m
[0mPOST /service/extdirect [33m404[0m 0.127 ms - 157[0m
[0mGET / [32m200[0m 0.053 ms - -[0m
[0mPOST http://host64.ru/rb/getip.php?Z74771048770Q1 [33m404[0m 0.136 ms - 152[0m
[0mGET /login [33m404[0m 0.361 ms - 144[0m
[0mGET /jenkins/login [33m404[0m 0.414 ms - 152[0m
[0mGET / [32m200[0m 0.057 ms - -[0m
[0mGET /manager/html [33m404[0m 0.856 ms - 151[0m
[0mHEAD http://110.242.68.4/ [32m200[0m 0.063 ms - -[0m
[0mGET http://www.minghui.org/ [32m200[0m 0.059 ms - -[0m
[0mGET http://www.wujieliulan.com/ [32m200[0m 0.076 ms - -[0m
[0mGET http://www.soso.com/ [32m200[0m 0.057 ms - -[0m
[0mGET http://www.epochtimes.com/ [32m200[0m 0.057 ms - -[0m
[0mPOST http://fingerprints.bablosoft.com/ip?Z74771048770Q1 [33m404[0m 0.147 ms - 142[0m
[0mGET / [32m200[0m 0.060 ms - -[0m
[0mGET / [32m200[0m 0.057 ms - -[0m
[0mGET / [32m200[0m 0.059 ms - -[0m
[0mPOST http://freeze.na4u.ru/ip.php?Z74771048770Q1 [33m404[0m 0.151 ms - 146[0m
[0mGET / [32m200[0m 0.057 ms - -[0m
[0mGET / [32m200[0m 0.059 ms - -[0m
[0mGET /user/Login [33m404[0m 0.479 ms - 149[0m
[0mGET /wap/trading/lastKlineParameter [33m404[0m 0.425 ms - 169[0m
[0mGET /files/pub_rem.js [33m404[0m 0.397 ms - 155[0m
[0mGET /h5/ [33m404[0m 0.422 ms - 142[0m
[0mGET /js/tvConfig.js [33m404[0m 1.142 ms - 153[0m
[0mGET /base/exchange_article/index/classid/1/id/1 [33m404[0m 0.339 ms - 181[0m
[0mGET /wap/trading/get_newallorder_ajax [33m404[0m 0.391 ms - 171[0m
[0mGET /files/pub_reset.css [33m404[0m 0.402 ms - 158[0m
[0mGET /market/market-ws/iframe.html [33m404[0m 0.389 ms - 167[0m
[0mGET /admin/index [33m404[0m 0.383 ms - 150[0m
[0mGET /h5/ [33m404[0m 0.307 ms - 142[0m
[0mGET /legal/currency/set [33m404[0m 0.480 ms - 157[0m
[0mGET /js/config20181225.js [33m404[0m 0.410 ms - 159[0m
[0mGET / [32m200[0m 0.056 ms - -[0m
[0mGET /js/home.js [33m404[0m 0.361 ms - 149[0m
[0mGET / [32m200[0m 0.079 ms - -[0m
[0mGET / [32m200[0m 0.059 ms - -[0m
[0mGET / [32m200[0m 0.053 ms - -[0m
[0mGET /m/ticker/usdtqc [33m404[0m 0.374 ms - 154[0m
[0mGET /otc/ [33m404[0m 0.380 ms - 143[0m
[0mGET / [32m200[0m 0.061 ms - -[0m
[0mGET /base/exchange_index/changepwdfirst [33m404[0m 0.373 ms - 173[0m
[0mGET /js/dianzan.js [33m404[0m 0.430 ms - 152[0m
[0mGET /assets/room/css/room_mobile.css [33m404[0m 0.409 ms - 170[0m
[0mGET /api/content_bottom [33m404[0m 0.406 ms - 157[0m
[0mGET /config.js [33m404[0m 0.402 ms - 148[0m
[0mGET /m/allticker/1 [33m404[0m 0.426 ms - 152[0m
[0mGET /home/loadmymanager [33m404[0m 0.364 ms - 157[0m
[0mGET /user/allroleinfo [33m404[0m 0.397 ms - 155[0m
[0mGET /assets/res/mods/room.js [33m404[0m 0.353 ms - 162[0m
[0mGET /room/1002 [33m404[0m 0.409 ms - 148[0m
[0mGET /user/userlist [33m404[0m 0.406 ms - 152[0m
[0mGET /web/api/getBanner [33m404[0m 0.389 ms - 156[0m
[0mGET /account/login [33m404[0m 0.390 ms - 152[0m
[0mGET /n/news/banner?column_id=303 [33m404[0m 0.473 ms - 152[0m
[0mGET /index/login/register [33m404[0m 0.400 ms - 159[0m
[0mGET /Recruit/download_url [33m404[0m 0.414 ms - 159[0m
[0mGET /static/common/js/global.js [33m404[0m 0.450 ms - 165[0m
[0mGET /room/script/face.js [33m404[0m 0.424 ms - 158[0m
[0mGET /room/getRoomBangFans [33m404[0m 0.413 ms - 159[0m
[0mGET /static/index/js/lk/order.js [33m404[0m 0.387 ms - 166[0m
[0mGET /Public/Mobile/ecshe_css/wapmain.css?v=1545408652 [33m404[0m 0.959 ms - 174[0m
[0mGET /config.php?_=3283&1922563758 [33m404[0m 0.412 ms - 149[0m
[0mGET /s_api/basic/config_js?callback=__set_config [33m404[0m 0.383 ms - 160[0m
[0mGET /manager/js/left.js [33m404[0m 0.347 ms - 157[0m
[0mGET /base/exchange_index/googlecode [33m404[0m 0.462 ms - 169[0m
[0mGET /Public/Home/ecshe_css/main.css?v=1543997196 [33m404[0m 0.348 ms - 169[0m
[0mGET /api/user/info?&&callback=jsonp_1601457046411_20983 [33m404[0m 0.466 ms - 152[0m
[0mGET /static/login/js/lk/order.js [33m404[0m 0.384 ms - 166[0m
[0mGET /admin_user/m_tixian.php [33m404[0m 0.405 ms - 162[0m
[0mGET /Public/home/js/check.js [33m404[0m 0.399 ms - 162[0m
[0mGET / [32m200[0m 0.052 ms - -[0m
[0mGET /getConfig/listPopFrame.do?code=14&position=index&_=1601489645097 [33m404[0m 0.400 ms - 164[0m
[0mGET /static/diff_worker.js [33m404[0m 0.386 ms - 160[0m
[0mGET /ajax/allcoin_a/id/0?t=0.3782499195965951 [33m404[0m 0.371 ms - 158[0m
[0mGET /public/wap/js/basis.js [33m404[0m 0.415 ms - 161[0m
[0mGET / [32m200[0m 0.059 ms - -[0m
[0mGET /Pc/Lang/index.html [33m404[0m 0.415 ms - 157[0m
[0mGET /getConfig/listPopFrame.do?code=1&position=index&_=1601489645097 [33m404[0m 0.414 ms - 164[0m
[0mGET /xianyu/index/setp1.html [33m404[0m 0.381 ms - 162[0m
[0mGET /v1/management/tenant/getSpeedDomain [33m404[0m 0.378 ms - 174[0m
[0mGET /Public/home/js/fukuang.js [33m404[0m 0.507 ms - 164[0m
[0mGET /s_api/basic/download/info [33m404[0m 0.422 ms - 164[0m
[0mGET /Home/Bind/binding [33m404[0m 0.431 ms - 156[0m
[0mGET /static/xianyu/js/bankCheck.js [33m404[0m 0.405 ms - 168[0m
[0mGET /static/local/img/userCenter/hourlyPrivilege.svg [33m404[0m 0.391 ms - 186[0m
[0mGET /kefu.php [33m404[0m 0.416 ms - 147[0m
[0mGET /xy/ [33m404[0m 0.306 ms - 142[0m
[0mGET /getConfig/getArticle.do?code=19 [33m404[0m 0.385 ms - 162[0m
[0mGET /views/commData/commonSite.js [33m404[0m 0.396 ms - 167[0m
[0mGET /xy/image/jiantou.png [33m404[0m 0.948 ms - 159[0m
[0mGET /static/data/gamedatas.js [33m404[0m 0.290 ms - 163[0m
[0mGET /getLocale [33m404[0m 0.364 ms - 148[0m
[0mGET /Home/GetAllGameCategory [33m404[0m 0.445 ms - 162[0m
[0mGET /views/home/home.js [33m404[0m 0.373 ms - 157[0m
[0mGET /infe/rest/flash/getServerIP.json [33m404[0m 0.403 ms - 171[0m
[0mGET /home/GetQrCodeInfo [33m404[0m 0.394 ms - 157[0m
[0mGET /data/json/config.json [33m404[0m 0.379 ms - 160[0m
[0mGET /login/img/nyyh/game.css [33m404[0m 0.412 ms - 162[0m
[0mGET /api/v1/member/kefu [33m404[0m 1.217 ms - 157[0m
[0mGET /Content/common/web/CommonActivity.css [33m404[0m 0.412 ms - 176[0m
[0mGET /Res/font/font.css [33m404[0m 0.394 ms - 156[0m
[0mGET /nyyh/game.css [33m404[0m 1.418 ms - 152[0m
[0mGET /css/view/main/goin.css [33m404[0m 0.998 ms - 161[0m
[0mGET /assets/js/dmshub.js [33m404[0m 0.408 ms - 158[0m
[0mGET /css/view/main/style.css [33m404[0m 0.451 ms - 162[0m
[0mGET /assets/dist/static/js/vendor_prod.js [33m404[0m 0.429 ms - 175[0m
[0mGET /myConfig.js [33m404[0m 0.412 ms - 150[0m
[0mGET /api/ApiHub/fetchJinse [33m404[0m 0.691 ms - 160[0m
[0mGET /css/nsc/reset.css [33m404[0m 0.432 ms - 156[0m
[0mGET /langConfig.js [33m404[0m 0.440 ms - 152[0m
[0mGET /css/app.css [33m404[0m 0.386 ms - 150[0m
[0mGET /verification.asp [33m404[0m 2.937 ms - 155[0m
[0mGET /ipl/app/flash/publicbmw/ball/FigLeaf.js?site=member [0m-[0m - ms - -[0m
[0mGET /common/member/js/user.util.js [33m404[0m 0.413 ms - 168[0m
[0mGET /Public/css/errorCss.css [33m404[0m 0.392 ms - 162[0m
[0mGET /admin/webadmin.php?mod=do&act=login [33m404[0m 0.743 ms - 157[0m
[0mGET /ajax?act=online&rst=12 [33m404[0m 0.507 ms - 143[0m
[0mGET /public/css/style.css [33m404[0m 0.375 ms - 159[0m
[0mGET /site.js [0m-[0m - ms - -[0m
[0mGET /cscpLoginWeb/scripts/public.js [33m404[0m 0.343 ms - 169[0m
[0mGET /leftDao.php?callback=jQuery183016740860980352856_1604309800583 [33m404[0m 0.413 ms - 150[0m
[0mGET /resources/main/common.js [0m-[0m - ms - -[0m
[0mGET /assets/extension/market/css/mt4.css [0m-[0m - ms - -[0m
[0mGET /api/index/loansList [33m404[0m 0.363 ms - 158[0m
[0mGET /public/admin.php/api/index/loansList [33m404[0m 0.442 ms - 175[0m
[0mGET /Template/Mobile/js/main.js [0m-[0m - ms - -[0m
[0mGET /static/home/js/rooms.js [0m-[0m - ms - -[0m
[0mGET /ws/index/getTheLotteryInitList [0m-[0m - ms - -[0m
[0mGET /api/web/user/getIndexData.php [33m404[0m 0.354 ms - 168[0m
[0mGET /Public/home/wap/css/qdgame.css [33m404[0m 0.386 ms - 169[0m
[0mGET /Public/home/common/js/index.js [33m404[0m 0.438 ms - 169[0m
[0mGET /index.php?m=api&c=app&a=getPlatformConfig [33m404[0m 0.363 ms - 148[0m
[0mGET /Templates/user/js/global.js [0m-[0m - ms - -[0m
[0mGET /template/920ka/js/woodyapp.js [33m404[0m 0.359 ms - 168[0m
[0mGET /static/common/js/common.js [33m404[0m 0.509 ms - 165[0m
[0mGET /css/main.css [33m404[0m 0.421 ms - 151[0m
[0mGET /static/download/style.css [33m404[0m 0.399 ms - 164[0m
[0mGET /static/admincp/js/common.js [33m404[0m 0.935 ms - 166[0m
[0mPOST /api/v1/borrowxx.html [33m404[0m 0.214 ms - 160[0m
[0mGET /cq/kehulistajax.php [0m-[0m - ms - -[0m
[0mGET /template/js/comm/Confrim.js [0m-[0m - ms - -[0m
[0mGET /template/css/login.css [33m404[0m 0.388 ms - 161[0m
[0mGET /lanren/css/global.css [0m-[0m - ms - -[0m
[0mGET /css/all.css [33m404[0m 0.431 ms - 150[0m
[0mGET /JS/loginstatus.js [0m-[0m - ms - -[0m
[0mGET /locale/Goex/zh/common.js [33m404[0m 0.448 ms - 163[0m
[0mGET /api/site/getInfo.do [0m-[0m - ms - -[0m
[0mGET /anquan/qgga.asp [33m404[0m 4.010 ms - 154[0m
[0mGET /index/index/andiro [33m404[0m 0.502 ms - 157[0m
[0mPOST /config [33m404[0m 0.146 ms - 146[0m
[0mPOST /user/login [33m404[0m 0.165 ms - 150[0m
[0mPOST /login/kefuxian.mvc [33m404[0m 0.243 ms - 158[0m
[0mGET /index/Mobile/fenshi?code=sz002405 [33m404[0m 0.451 ms - 158[0m
[0mGET /js/json.js [33m404[0m 0.593 ms - 149[0m
[0mGET /api/product/topRank?token=null&uid=null&lang=null&direct=1&type=1 [0m-[0m - ms - -[0m
[0mGET /market/getStockBaseInfo?stockCodeInternal=2658 [33m404[0m 0.348 ms - 162[0m
[0mPOST /m.api [33m404[0m 0.142 ms - 145[0m
[0mGET /index/api/config [33m404[0m 0.379 ms - 155[0m
[0mGET /loan [33m404[0m 0.524 ms - 143[0m
[0mGET /Public/mobile/js/config.js [33m404[0m 0.465 ms - 165[0m
[0mGET /friendGroup/list [33m404[0m 0.400 ms - 155[0m
[0mGET /pages/console/js/common.js [33m404[0m 1.228 ms - 165[0m
[0mGET /im/in/GetUuid [33m404[0m 0.442 ms - 152[0m
[0mGET /api/apps [0m-[0m - ms - -[0m
[0mGET /js/app.ling.js [33m404[0m 0.552 ms - 153[0m
[0mGET /portal/index/protocol.html [33m404[0m 0.397 ms - 165[0m
[0mGET /appxz/index.html [33m404[0m 0.380 ms - 155[0m
[0mGET /home/main/login [33m404[0m 0.389 ms - 154[0m
[0mGET /Public/uploads/web/step1.png [0m-[0m - ms - -[0m
[0mGET /api/user/get_user_group [33m404[0m 0.457 ms - 162[0m
[0mPOST http://api.ipify.org/?Z74771048770Q1 [33m404[0m 0.162 ms - 140[0m
[0mPOST /service/extdirect [33m404[0m 0.174 ms - 157[0m
[0mGET /jars [33m404[0m 5.083 ms - 143[0m
[0mGET / [32m200[0m 0.060 ms - -[0m
[0mPOST http://api.ipify.org/?Z74771048770Q1 [33m404[0m 0.151 ms - 140[0m
[0mPOST http://fingerprints.bablosoft.com/ip?Z74771048770Q1 [33m404[0m 0.143 ms - 142[0m
[0mPOST http://host64.ru/rb/getip.php?Z74771048770Q1 [33m404[0m 0.151 ms - 152[0m
[0mGET / [32m200[0m 0.061 ms - -[0m
[0mPOST /service/extdirect [33m404[0m 0.418 ms - 157[0m
[0mGET /jars [33m404[0m 0.965 ms - 143[0m
[0mGET / [32m200[0m 0.060 ms - -[0m
[0mGET / [32m200[0m 0.067 ms - -[0m
[0mGET / [32m200[0m 0.057 ms - -[0m
[0mGET / [32m200[0m 0.065 ms - -[0m
[0mGET / [32m200[0m 0.084 ms - -[0m
[0mGET / [32m200[0m 0.060 ms - -[0m
[0mGET /login [33m404[0m 1.633 ms - 144[0m
[0mGET /jenkins/login [33m404[0m 0.438 ms - 152[0m
[0mGET / [32m200[0m 0.081 ms - -[0m
[0mGET /manager/html [33m404[0m 0.381 ms - 151[0m
[0mGET / [32m200[0m 0.069 ms - -[0m
[0mGET / [32m200[0m 0.059 ms - -[0m
[0mGET / [32m200[0m 0.038 ms - -[0m
[0mGET /jars [33m404[0m 0.759 ms - 143[0m
[0mPOST /service/extdirect [33m404[0m 0.158 ms - 157[0m
[0mGET / [32m200[0m 0.070 ms - -[0m
[0mGET / [32m200[0m 0.076 ms - -[0m
[0mGET / [32m200[0m 0.078 ms - -[0m
[0mGET / [32m200[0m 0.045 ms - -[0m
[0mGET /jars [33m404[0m 1.019 ms - 143[0m
[0mPOST /service/extdirect [33m404[0m 0.155 ms - 157[0m
[0mGET /manager/text/list [33m404[0m 0.895 ms - 156[0m
[0mGET / [32m200[0m 0.050 ms - -[0m
[0mGET /jars [33m404[0m 0.957 ms - 143[0m
[0mPOST /service/extdirect [33m404[0m 0.147 ms - 157[0m
[0mGET /script [33m404[0m 0.377 ms - 145[0m
[0mGET / [32m200[0m 0.065 ms - -[0m
[0mGET / [32m200[0m 0.082 ms - -[0m
[0mGET / [32m200[0m 0.060 ms - -[0m
[0mGET /manager/html [33m404[0m 0.562 ms - 151[0m
[0mGET / [32m200[0m 0.057 ms - -[0m
[0mGET /jars [33m404[0m 5.888 ms - 143[0m
[0mPOST /service/extdirect [33m404[0m 0.138 ms - 157[0m
[0mGET /w00tw00t.at.ISC.SANS.DFind:) [33m404[0m 2.203 ms - 167[0m
[0mGET /login [33m404[0m 0.405 ms - 144[0m
[0mGET /jenkins/login [33m404[0m 0.440 ms - 152[0m
[0mGET / [32m200[0m 0.055 ms - -[0m
[0mGET /manager/html [33m404[0m 0.360 ms - 151[0m
[0mGET / [32m200[0m 0.053 ms - -[0m
[0mGET /jars [33m404[0m 0.817 ms - 143[0m
[0mPOST /service/extdirect [33m404[0m 0.117 ms - 157[0m
[0mGET /w00tw00t.at.ISC.SANS.DFind:) [33m404[0m 0.401 ms - 167[0m
[0mGET / [32m200[0m 0.058 ms - -[0m
[0mGET / [32m200[0m 0.058 ms - -[0m
[0mGET / [32m200[0m 0.036 ms - -[0m
[0mGET /jars [33m404[0m 1.104 ms - 143[0m
[0mPOST /service/extdirect [33m404[0m 0.130 ms - 157[0m
[0mGET /api/v1/users/+996999780094 [32m200[0m 2.079 ms - 127[0m
[0mPOST /api/v1/category_list [32m200[0m 1.352 ms - 272[0m
[0mPOST /api/v1/banner_list [32m200[0m 3.380 ms - 14[0m
[0mPOST /api/v1/house_list/+996999780094 [32m200[0m 3.660 ms - 164[0m
[0mGET /images/categories/60d18679acddaddad69a98b8.png [33m404[0m 0.514 ms - 185[0m
[0mGET /images/categories/60d1868cacddaddad69a98b9.png [33m404[0m 0.228 ms - 185[0m
[0mGET /images/houses/60d18720acddaddad69a98ba_1.png [36m304[0m 0.524 ms - -[0m
[0mPOST /api/v1/house_get/+996999780094 [32m200[0m 4.275 ms - 689[0m
[0mPOST /api/v1/favorite_list/+996999780094 [32m200[0m 1.722 ms - 16[0m
[0mPOST /api/v1/history_list/+996999780094 [32m200[0m 3.554 ms - 506[0m
[0mPOST /api/v1/house_list_user/+996999780094 [32m200[0m 2.068 ms - 164[0m
[0mPOST /api/v1/favorite_list/+996999780094 [32m200[0m 1.274 ms - 16[0m
[0mGET / [32m200[0m 0.054 ms - -[0m
[0mGET / [32m200[0m 0.079 ms - -[0m
[0mGET / [32m200[0m 0.057 ms - -[0m
[0mGET / [32m200[0m 0.040 ms - -[0m
[0mGET /jars [33m404[0m 0.948 ms - 143[0m
[0mPOST /service/extdirect [33m404[0m 0.167 ms - 157[0m
[0mGET / [32m200[0m 0.060 ms - -[0m
[0mPOST http://ip.bablosoft.com/?Z74771048770Q1 [33m404[0m 0.136 ms - 140[0m
[0mGET /jars [33m404[0m 0.648 ms - 143[0m
[0mPOST /service/extdirect [33m404[0m 0.104 ms - 157[0m
[0mGET / [32m200[0m 0.081 ms - -[0m
[0mGET /jars [33m404[0m 0.743 ms - 143[0m
[0mGET / [32m200[0m 0.038 ms - -[0m
[0mPOST /service/extdirect [33m404[0m 0.114 ms - 157[0m
[0mGET / [32m200[0m 0.061 ms - -[0m
[0mGET / [32m200[0m 0.066 ms - -[0m
[0mGET http://5.188.210.227/echo.php [33m404[0m 0.489 ms - 147[0m
[0mGET / [32m200[0m 0.038 ms - -[0m
[0mGET /jars [33m404[0m 0.918 ms - 143[0m
[0mPOST /service/extdirect [33m404[0m 0.118 ms - 157[0m
[0mPOST http://host64.ru/rb/getip.php?Z74771048770Q1 [33m404[0m 0.186 ms - 152[0m
[0mGET / [32m200[0m 0.057 ms - -[0m
[0mGET / [32m200[0m 0.051 ms - -[0m
[0mGET / [32m200[0m 0.054 ms - -[0m
[0mGET /jars [33m404[0m 0.701 ms - 143[0m
[0mPOST /service/extdirect [33m404[0m 0.142 ms - 157[0m
[0mGET / [32m200[0m 0.051 ms - -[0m
[0mGET / [32m200[0m 0.073 ms - -[0m
[0mGET / [32m200[0m 0.058 ms - -[0m
[0mGET / [32m200[0m 0.060 ms - -[0m
[0mGET / [32m200[0m 0.055 ms - -[0m
[0mGET /config [33m404[0m 0.331 ms - 145[0m
[0mGET /api/v1/users/+996999780094 [32m200[0m 1.822 ms - 127[0m
[0mPOST /api/v1/category_list [32m200[0m 1.482 ms - 272[0m
[0mPOST /api/v1/house_list/+996999780094 [32m200[0m 4.353 ms - 164[0m
[0mPOST /api/v1/banner_list [32m200[0m 2.448 ms - 14[0m
[0mGET /images/categories/60d18679acddaddad69a98b8.png [33m404[0m 0.382 ms - 185[0m
[0mGET /images/categories/60d1868cacddaddad69a98b9.png [33m404[0m 0.284 ms - 185[0m
[0mGET /images/houses/60d18720acddaddad69a98ba_1.png [36m304[0m 0.386 ms - -[0m
[0mGET /config [33m404[0m 0.317 ms - 145[0m
[0mGET / [32m200[0m 0.079 ms - -[0m
[0mHEAD / [32m200[0m 0.056 ms - -[0m
[0mGET / [32m200[0m 0.055 ms - -[0m
[0mGET / [32m200[0m 0.072 ms - -[0m
[0mGET /favicon.ico [33m404[0m 0.323 ms - 150[0m
[0mGET / [32m200[0m 0.063 ms - -[0m
[0mPOST http://fingerprints.bablosoft.com/ip?Z74771048770Q1 [33m404[0m 0.144 ms - 142[0m
[0mGET / [32m200[0m 0.078 ms - -[0m
[0mGET / [32m200[0m 0.065 ms - -[0m
[0mHEAD / [32m200[0m 0.051 ms - -[0m
[0mGET /system_api.php [33m404[0m 0.600 ms - 153[0m
[0mGET /c/version.js [33m404[0m 0.376 ms - 151[0m
[0mGET /streaming/clients_live.php [33m404[0m 0.384 ms - 165[0m
[0mGET /stalker_portal/c/version.js [33m404[0m 0.540 ms - 166[0m
[0mGET /stream/live.php [33m404[0m 0.329 ms - 154[0m
[0mGET / [32m200[0m 0.048 ms - -[0m
[0mGET /jars [33m404[0m 1.100 ms - 143[0m
[0mPOST /service/extdirect [33m404[0m 0.165 ms - 157[0m
[0mGET / [32m200[0m 0.054 ms - -[0m
[0mGET / [32m200[0m 0.059 ms - -[0m
[0mGET / [32m200[0m 0.064 ms - -[0m
[0mGET / [32m200[0m 0.060 ms - -[0m
[0mGET / [32m200[0m 0.051 ms - -[0m
[0mPOST /service/extdirect [33m404[0m 0.089 ms - 157[0m
[0mGET /jars [33m404[0m 1.145 ms - 143[0m
[0mGET / [32m200[0m 0.056 ms - -[0m
[0mGET /api/v1/users/+996999780094 [32m200[0m 1.729 ms - 127[0m
[0mPOST /api/v1/category_list [32m200[0m 1.356 ms - 272[0m
[0mPOST /api/v1/banner_list [32m200[0m 2.746 ms - 14[0m
[0mPOST /api/v1/house_list/+996999780094 [32m200[0m 2.519 ms - 164[0m
[0mGET /images/categories/60d1868cacddaddad69a98b9.png [33m404[0m 0.382 ms - 185[0m
[0mGET /images/houses/60d18720acddaddad69a98ba_1.png [36m304[0m 0.541 ms - -[0m
[0mGET /images/categories/60d18679acddaddad69a98b8.png [33m404[0m 1.654 ms - 185[0m
[0mGET / [32m200[0m 0.064 ms - -[0m
[0mGET / [32m200[0m 0.060 ms - -[0m
[0mGET / [32m200[0m 0.055 ms - -[0m
[0mPOST /service/extdirect [33m404[0m 0.121 ms - 157[0m
[0mGET /jars [33m404[0m 0.415 ms - 143[0m
[0mGET / [32m200[0m 0.056 ms - -[0m
[0mPOST http://ip.bablosoft.com/?Z74771048770Q1 [33m404[0m 0.142 ms - 140[0m
[0mGET / [32m200[0m 0.074 ms - -[0m
[0mGET / [32m200[0m 0.051 ms - -[0m
[0mGET /jars [33m404[0m 0.665 ms - 143[0m
[0mGET / [32m200[0m 0.042 ms - -[0m
[0mPOST /service/extdirect [33m404[0m 0.167 ms - 157[0m
[0mGET / [32m200[0m 0.055 ms - -[0m
[0mHEAD /robots.txt [33m404[0m 0.741 ms - 150[0m
[0mGET / [32m200[0m 0.060 ms - -[0m
[0mGET / [32m200[0m 0.056 ms - -[0m
[0mGET / [32m200[0m 0.053 ms - -[0m
[0mGET /jars [33m404[0m 0.486 ms - 143[0m
[0mPOST /service/extdirect [33m404[0m 0.123 ms - 157[0m
[0mGET / [32m200[0m 0.050 ms - -[0m
[0mGET / [32m200[0m 0.060 ms - -[0m
[0mGET / [32m200[0m 0.078 ms - -[0m
[0mGET /w00tw00t.at.ISC.SANS.DFind:) [33m404[0m 0.382 ms - 167[0m
[0mGET /jars [33m404[0m 0.367 ms - 143[0m
[0mPOST /service/extdirect [33m404[0m 0.173 ms - 157[0m
[0mGET / [32m200[0m 0.058 ms - -[0m
[0mGET / [32m200[0m 0.059 ms - -[0m
[0mGET / [32m200[0m 0.108 ms - -[0m
[0mGET / [32m200[0m 0.054 ms - -[0m
[0mPOST http://proxy.kagda.ru/myip2.php?Z74771048770Q1 [33m404[0m 0.183 ms - 149[0m
[0mGET / [32m200[0m 0.058 ms - -[0m
[0mGET / [32m200[0m 0.037 ms - -[0m
[0mGET /jars [33m404[0m 1.168 ms - 143[0m
[0mPOST /service/extdirect [33m404[0m 0.135 ms - 157[0m
[0mGET / [32m200[0m 0.070 ms - -[0m
[0mGET / [32m200[0m 0.061 ms - -[0m
[0mGET /Telerik.Web.UI.WebResource.axd?type=rau [33m404[0m 2.450 ms - 169[0m
[0mGET / [32m200[0m 0.061 ms - -[0m
[0mGET / [32m200[0m 0.053 ms - -[0m
[0mPOST /service/extdirect [33m404[0m 0.098 ms - 157[0m
[0mGET /jars [33m404[0m 0.340 ms - 143[0m
[0mGET / [32m200[0m 0.062 ms - -[0m
[0mGET / [32m200[0m 0.059 ms - -[0m
[0mPOST http://freeze.na4u.ru/ip.php?Z74771048770Q1 [33m404[0m 0.140 ms - 146[0m
[0mGET / [32m200[0m 0.101 ms - -[0m
[0mGET /jars [33m404[0m 0.565 ms - 143[0m
[0mPOST /service/extdirect [33m404[0m 0.118 ms - 157[0m
[0mGET / [32m200[0m 0.050 ms - -[0m
[0mGET /api/v1/users/+996999780094 [32m200[0m 1.726 ms - 127[0m
[0mPOST /api/v1/banner_list [32m200[0m 1.420 ms - 14[0m
[0mPOST /api/v1/house_list/+996999780094 [32m200[0m 3.326 ms - 164[0m
[0mPOST /api/v1/category_list [32m200[0m 1.178 ms - 272[0m
[0mGET /images/categories/60d18679acddaddad69a98b8.png [33m404[0m 0.786 ms - 185[0m
[0mGET /images/categories/60d1868cacddaddad69a98b9.png [33m404[0m 0.568 ms - 185[0m
[0mGET /images/houses/60d18720acddaddad69a98ba_1.png [36m304[0m 0.472 ms - -[0m
[0mGET /api/v1/users/+996999780094 [32m200[0m 1.657 ms - 127[0m
[0mPOST /api/v1/banner_list [32m200[0m 2.930 ms - 14[0m
[0mPOST /api/v1/house_list/+996999780094 [32m200[0m 2.601 ms - 164[0m
[0mPOST /api/v1/category_list [32m200[0m 1.249 ms - 272[0m
[0mGET /images/categories/60d18679acddaddad69a98b8.png [33m404[0m 0.361 ms - 185[0m
[0mGET /images/categories/60d1868cacddaddad69a98b9.png [33m404[0m 0.363 ms - 185[0m
[0mPOST /api/v1/house_get/+996999780094 [32m200[0m 3.193 ms - 689[0m
[0mPOST /api/v1/house_list_radius/+996999780094 [32m200[0m 5.325 ms - 164[0m
[0mPOST /api/v1/house_list_radius/+996999780094 [32m200[0m 1.963 ms - 164[0m
[0mPOST /api/v1/house_get/+996999780094 [32m200[0m 3.600 ms - 689[0m
[0mPOST /api/v1/house_list_radius/+996999780094 [32m200[0m 3.041 ms - 164[0m
[0mPOST /api/v1/house_list_radius/+996999780094 [32m200[0m 3.155 ms - 164[0m
[0mPOST /api/v1/house_list_radius/+996999780094 [32m200[0m 1.764 ms - 164[0m
[0mGET / [32m200[0m 0.052 ms - -[0m
[0mGET /manager/text/list [33m404[0m 0.619 ms - 156[0m
[0mGET / [32m200[0m 0.065 ms - -[0m
[0mPOST /service/extdirect [33m404[0m 0.134 ms - 157[0m
[0mGET /jars [33m404[0m 0.470 ms - 143[0m
[0mPOST http://api.ipify.org/?Z74771048770Q1 [33m404[0m 0.152 ms - 140[0m
[0mGET /api/v1/users/+996999780094 [32m200[0m 1.761 ms - 127[0m
[0mPOST /api/v1/category_list [32m200[0m 1.282 ms - 272[0m
[0mPOST /api/v1/house_list/+996999780094 [32m200[0m 2.660 ms - 164[0m
[0mPOST /api/v1/banner_list [32m200[0m 1.346 ms - 14[0m
[0mGET /images/categories/60d1868cacddaddad69a98b9.png [33m404[0m 0.512 ms - 185[0m
[0mGET /images/categories/60d18679acddaddad69a98b8.png [33m404[0m 0.234 ms - 185[0m
[0mGET /images/houses/60d18720acddaddad69a98ba_1.png [36m304[0m 0.411 ms - -[0m
[0mGET /api/v1/users/+996999780094 [32m200[0m 1.524 ms - 127[0m
[0mPOST /api/v1/house_list/+996999780094 [32m200[0m 4.435 ms - 164[0m
[0mPOST /api/v1/category_list [32m200[0m 3.739 ms - 272[0m
[0mPOST /api/v1/banner_list [32m200[0m 1.044 ms - 14[0m
[0mGET /images/categories/60d1868cacddaddad69a98b9.png [33m404[0m 0.398 ms - 185[0m
[0mGET /images/houses/60d18720acddaddad69a98ba_1.png [36m304[0m 0.591 ms - -[0m
[0mGET /images/categories/60d18679acddaddad69a98b8.png [33m404[0m 0.676 ms - 185[0m
[0mPOST /api/v1/faq [32m200[0m 2.324 ms - 4[0m
[0mPOST /api/v1/favorite_list/+996999780094 [32m200[0m 1.235 ms - 16[0m
[0mPOST /api/v1/history_list/+996999780094 [32m200[0m 2.987 ms - 506[0m
[0mPOST /api/v1/house_list_user/+996999780094 [32m200[0m 1.469 ms - 164[0m
[0mPOST /api/v1/house_get/+996999780094 [32m200[0m 3.206 ms - 689[0m
[0mGET /manager/html [33m404[0m 0.333 ms - 151[0m
[0mGET / [32m200[0m 0.064 ms - -[0m
